#
# There is insufficient memory for the Java Runtime Environment to continue.
# Native memory allocation (malloc) failed to allocate 1048576 bytes for AllocateHeap
# Possible reasons:
#   The system is out of physical RAM or swap space
#   The process is running with CompressedOops enabled, and the Java Heap may be blocking the growth of the native heap
# Possible solutions:
#   Reduce memory load on the system
#   Increase physical memory or swap space
#   Check if swap backing store is full
#   Decrease Java heap size (-Xmx/-Xms)
#   Decrease number of Java threads
#   Decrease Java thread stack sizes (-Xss)
#   Set larger code cache with -XX:ReservedCodeCacheSize=
#   JVM is running with Unscaled Compressed Oops mode in which the Java heap is
#     placed in the first 4GB address space. The Java Heap base address is the
#     maximum limit for the native heap growth. Please use -XX:HeapBaseMinAddress
#     to set the Java Heap base and to place the Java Heap above 4GB virtual address.
# This output file may be truncated or incomplete.
#
#  Out of Memory Error (memory/allocation.inline.hpp:61), pid=6912, tid=0x0000000000003c30
#
# JRE version:  (8.0_221-b11) (build )
# Java VM: Java HotSpot(TM) 64-Bit Server VM (25.221-b11 mixed mode windows-amd64 compressed oops)
# Failed to write core dump. Minidumps are not enabled by default on client versions of Windows
#

---------------  T H R E A D  ---------------

Current thread (0x0000000000c8d800):  JavaThread "Unknown thread" [_thread_in_vm, id=15408, stack(0x0000000002860000,0x0000000002960000)]

Stack: [0x0000000002860000,0x0000000002960000]
[error occurred during error reporting (printing stack bounds), id 0xc0000005]

Native frames: (J=compiled Java code, j=interpreted, Vv=VM code, C=native code)


---------------  P R O C E S S  ---------------

Java Threads: ( => current thread )

Other Threads:

=>0x0000000000c8d800 (exited) JavaThread "Unknown thread" [_thread_in_vm, id=15408, stack(0x0000000002860000,0x0000000002960000)]

VM state:not at safepoint (normal execution)

VM Mutex/Monitor currently owned by a thread: None

heap address: 0x0000000088800000, size: 1912 MB, Compressed Oops mode: 32-bit
Narrow klass base: 0x0000000000000000, Narrow klass shift: 3
Compressed class space size: 1073741824 Address: 0x0000000100000000

Heap:
 PSYoungGen      total 35840K, used 614K [0x00000000d8300000, 0x00000000dab00000, 0x0000000100000000)
  eden space 30720K, 2% used [0x00000000d8300000,0x00000000d83999a8,0x00000000da100000)
  from space 5120K, 0% used [0x00000000da600000,0x00000000da600000,0x00000000dab00000)
  to   space 5120K, 0% used [0x00000000da100000,0x00000000da100000,0x00000000da600000)
 ParOldGen       total 81920K, used 0K [0x0000000088800000, 0x000000008d800000, 0x00000000d8300000)
  object space 81920K, 0% used [0x0000000088800000,0x0000000088800000,0x000000008d800000)
 Metaspace       used 786K, capacity 1156K, committed 1408K, reserved 1060864K
  class space    used 76K, capacity 384K, committed 384K, reserved 1048576K

Card table byte_map: [0x0000000011e20000,0x00000000121e0000] byte_map_base: 0x00000000119dc000

Marking Bits: (ParMarkBitMap*) 0x0000000071575ce0
 Begin Bits: [0x0000000012660000, 0x0000000014440000)
 End Bits:   [0x0000000014440000, 0x0000000016220000)

Polling page: 0x0000000000c70000

CodeCache: size=245760Kb used=327Kb max_used=327Kb free=245432Kb
 bounds [0x0000000002a60000, 0x0000000002cd0000, 0x0000000011a60000]
 total_blobs=57 nmethods=0 adapters=38
 compilation: enabled

Compilation events (0 events):
No events

GC Heap History (0 events):
No events

Deoptimization events (0 events):
No events

Classes redefined (0 events):
No events

Internal exceptions (0 events):
No events

Events (10 events):
Event: 0.043 loading class java/lang/Short
Event: 0.043 loading class java/lang/Short done
Event: 0.043 loading class java/lang/Integer
Event: 0.043 loading class java/lang/Integer done
Event: 0.043 loading class java/lang/Long
Event: 0.043 loading class java/lang/Long done
Event: 0.044 loading class java/lang/NullPointerException
Event: 0.044 loading class java/lang/NullPointerException done
Event: 0.044 loading class java/lang/ArithmeticException
Event: 0.044 loading class java/lang/ArithmeticException done


Dynamic libraries:
0x00007ff70e440000 - 0x00007ff70e477000 	C:\Program Files\Java\jdk1.8.0_221\bin\java.exe
0x00007ffe76490000 - 0x00007ffe7667d000 	C:\windows\SYSTEM32\ntdll.dll
0x00007ffe75dc0000 - 0x00007ffe75e73000 	C:\windows\System32\KERNEL32.DLL
0x00007ffe72940000 - 0x00007ffe72bd3000 	C:\windows\System32\KERNELBASE.dll
0x00007ffe763b0000 - 0x00007ffe76453000 	C:\windows\System32\ADVAPI32.dll
0x00007ffe73a80000 - 0x00007ffe73b1e000 	C:\windows\System32\msvcrt.dll
0x00007ffe75740000 - 0x00007ffe757de000 	C:\windows\System32\sechost.dll
0x00007ffe75560000 - 0x00007ffe75682000 	C:\windows\System32\RPCRT4.dll
0x00007ffe75ac0000 - 0x00007ffe75c57000 	C:\windows\System32\USER32.dll
0x00007ffe725a0000 - 0x00007ffe725c0000 	C:\windows\System32\win32u.dll
0x00007ffe75230000 - 0x00007ffe75259000 	C:\windows\System32\GDI32.dll
0x00007ffe725c0000 - 0x00007ffe72759000 	C:\windows\System32\gdi32full.dll
0x00007ffe72de0000 - 0x00007ffe72e80000 	C:\windows\System32\msvcp_win.dll
0x00007ffe72c80000 - 0x00007ffe72d7a000 	C:\windows\System32\ucrtbase.dll
0x00007ffe60660000 - 0x00007ffe608d9000 	C:\windows\WinSxS\amd64_microsoft.windows.common-controls_6595b64144ccf1df_6.0.17763.802_none_05b1445c0722d2cc\COMCTL32.dll
0x00007ffe73750000 - 0x00007ffe73a7c000 	C:\windows\System32\combase.dll
0x00007ffe72c00000 - 0x00007ffe72c7e000 	C:\windows\System32\bcryptPrimitives.dll
0x00007ffe736b0000 - 0x00007ffe736de000 	C:\windows\System32\IMM32.DLL
0x0000000070c70000 - 0x0000000070d42000 	C:\Program Files\Java\jdk1.8.0_221\jre\bin\msvcr100.dll
0x0000000070d50000 - 0x00000000715f5000 	C:\Program Files\Java\jdk1.8.0_221\jre\bin\server\jvm.dll
0x00007ffe736e0000 - 0x00007ffe736e8000 	C:\windows\System32\PSAPI.DLL
0x00007ffe64d30000 - 0x00007ffe64d39000 	C:\windows\SYSTEM32\WSOCK32.dll
0x00007ffe705c0000 - 0x00007ffe705e4000 	C:\windows\SYSTEM32\WINMM.dll
0x00007ffe754f0000 - 0x00007ffe7555d000 	C:\windows\System32\WS2_32.dll
0x00007ffe6d430000 - 0x00007ffe6d43a000 	C:\windows\SYSTEM32\VERSION.dll
0x00007ffe70590000 - 0x00007ffe705bd000 	C:\windows\SYSTEM32\WINMMBASE.dll
0x00007ffe72550000 - 0x00007ffe7259a000 	C:\windows\System32\cfgmgr32.dll
0x00007ffe64d20000 - 0x00007ffe64d2f000 	C:\Program Files\Java\jdk1.8.0_221\jre\bin\verify.dll
0x00007ffe64be0000 - 0x00007ffe64c09000 	C:\Program Files\Java\jdk1.8.0_221\jre\bin\java.dll
0x00007ffe5e2a0000 - 0x00007ffe5e2b6000 	C:\Program Files\Java\jdk1.8.0_221\jre\bin\zip.dll

VM Arguments:
jvm_args: -Dfile.encoding=UTF-8 
java_command: metodosnumericos.MetodosNumericos
java_class_path (initial): C:\Users\Adrian\Documents\LibreriasJava\jme_6_0.jar;C:\Users\Adrian\Documents\Nueva Carpeta\MetodosNumericos\build\classes
Launcher Type: SUN_STANDARD

Environment Variables:
PATH=C:\Program Files (x86)\Common Files\Oracle\Java\javapath;C:\windows\system32;C:\windows;C:\windows\System32\Wbem;C:\windows\System32\WindowsPowerShell\v1.0\;C:\windows\System32\OpenSSH\;C:\Program Files\Java\jdk1.8.0_221\bin;C:\Program Files\MiKTeX 2.9\miktex\bin\x64\;C:\Users\Adrian\AppData\Local\Microsoft\WindowsApps;
USERNAME=Adrian
OS=Windows_NT
PROCESSOR_IDENTIFIER=AMD64 Family 21 Model 112 Stepping 0, AuthenticAMD



---------------  S Y S T E M  ---------------

OS: Windows 10.0 , 64 bit Build 17763 (10.0.17763.475)

CPU:total 2 (initial active 2) (2 cores per cpu, 1 threads per core) family 21 model 112 stepping 0, cmov, cx8, fxsr, mmx, sse, sse2, sse3, ssse3, sse4.1, sse4.2, popcnt, avx, avx2, aes, clmul, mmxext, 3dnowpref, lzcnt, sse4a, tsc, tscinvbit, tscinv, bmi1

Memory: 4k page, physical 7825348k(2023592k free), swap 9720772k(5560k free)

vm_info: Java HotSpot(TM) 64-Bit Server VM (25.221-b11) for windows-amd64 JRE (1.8.0_221-b11), built on Jul  4 2019 04:39:29 by "java_re" with MS VC++ 10.0 (VS2010)

time: Fri Oct 25 03:36:17 2019
timezone: Hora de verano central (México)
elapsed time: 0 seconds (0d 0h 0m 0s)

